<?xml version="1.0" encoding="UTF-8"?>
<testsuite xmlns:xsi="http://www.w3.org/2001/XMLSchema-instance" xsi:schemaLocation="https://maven.apache.org/surefire/maven-surefire-plugin/xsd/surefire-test-report.xsd" name="runner.TestRunner" time="28.767" tests="7" errors="0" skipped="0" failures="0">
  <properties>
[...]
</properties>
  <testcase name="Given user searches for securepay on google" classname="Scenario: Securepay - Navigate to Contact Us form and enter details" time="0.002"/>
  <testcase name="And clicks through to securepay website" classname="Scenario: Securepay - Navigate to Contact Us form and enter details" time="0"/>
  <testcase name="And User is redirected to the SecurePay homepage" classname="Scenario: Securepay - Navigate to Contact Us form and enter details" time="0"/>
  <testcase name="When User Navigates to Contact Us page" classname="Scenario: Securepay - Navigate to Contact Us form and enter details" time="0"/>
  <testcase name="Then verify that the Contact Us page is displayed" classname="Scenario: Securepay - Navigate to Contact Us form and enter details" time="0"/>
  <testcase name="And User should be able to enter details into the contact form" classname="Scenario: Securepay - Navigate to Contact Us form and enter details" time="0"/>
  <testcase name="Scenario: Securepay - Navigate to Contact Us form and enter details" classname="Scenario: Securepay - Navigate to Contact Us form and enter details" time="2.919"/>
</testsuite>